<?xml version="1.0" encoding="UTF-8"?>
<con:soapui-project id="e838d857-c494-4d23-bb74-0395b0f8be6d" activeEnvironment="Default" name="REST Project 1" resourceRoot="" soapui-version="5.7.0" xmlns:con="http://eviware.com/soapui/config"><con:settings><con:setting id="com.eviware.soapui.impl.wsdl.actions.iface.tools.soapui.LoadTestRunnerAction@values-local"><![CDATA[<xml-fragment xmlns:con="http://eviware.com/soapui/config">
  <con:entry key="Print Report Statistics" value="true"/>
  <con:entry key="Report Format(s)" value=""/>
  <con:entry key="Host:Port" value=""/>
  <con:entry key="Save After" value="false"/>
  <con:entry key="Add Settings" value="false"/>
  <con:entry key="WSS Password Type" value=""/>
  <con:entry key="TestSuite" value="loadTest"/>
  <con:entry key="Endpoint" value=""/>
  <con:entry key="System Properties" value=""/>
  <con:entry key="Report to Generate" value=""/>
  <con:entry key="Password" value=""/>
  <con:entry key="LoadTest" value="LoadTest"/>
  <con:entry key="Open Report" value="false"/>
  <con:entry key="Global Properties" value=""/>
  <con:entry key="Project Properties" value=""/>
  <con:entry key="ThreadCount" value=""/>
  <con:entry key="Project Password" value=""/>
  <con:entry key="TestCase" value="TestCase"/>
  <con:entry key="Username" value=""/>
  <con:entry key="user-settings.xml Password" value=""/>
  <con:entry key="TestRunner Path" value="C:\Program Files\SmartBear\SoapUI-5.7.0/bin"/>
  <con:entry key="Environment" value="Default"/>
  <con:entry key="Limit" value=""/>
  <con:entry key="Root Folder" value="C:\Users\Adriano Galindo\Desktop\reports"/>
  <con:entry key="Domain" value=""/>
  <con:entry key="Tool Args" value=""/>
  <con:entry key="Save Project" value="false"/>
</xml-fragment>]]></con:setting></con:settings><con:interface xsi:type="con:RestService" id="f896acaa-05d3-41c9-b190-4d7ecde8a1da" wadlVersion="http://wadl.dev.java.net/2009/02" name="https://jsonplaceholder.typicode.com" type="rest" xmlns:xsi="http://www.w3.org/2001/XMLSchema-instance"><con:settings/><con:definitionCache/><con:endpoints><con:endpoint>https://jsonplaceholder.typicode.com</con:endpoint></con:endpoints><con:resource name="Posts" path="/posts/{postid}" id="81f1fe86-04f8-4ce1-82f8-4ed57c451fa2"><con:settings/><con:parameters><con:parameter><con:name>postid</con:name><con:value/><con:style>TEMPLATE</con:style><con:default/><con:description xsi:nil="true"/></con:parameter></con:parameters><con:method name="Posts 1" id="036c6d14-c773-46d6-acee-b52981d7e993" method="GET"><con:settings/><con:parameters/><con:representation type="RESPONSE"><con:mediaType>application/json; charset=utf-8</con:mediaType><con:status>200</con:status><con:params/><con:element>Response</con:element></con:representation><con:request name="Request 1" id="dcd6c8e3-3dce-4edb-86f6-897bf5158e9a" mediaType="application/json"><con:settings/><con:endpoint>https://jsonplaceholder.typicode.com</con:endpoint><con:request/><con:credentials><con:authType>No Authorization</con:authType></con:credentials><con:jmsConfig JMSDeliveryMode="PERSISTENT"/><con:jmsPropertyConfig/><con:parameters/><con:parameterOrder><con:entry>postid</con:entry></con:parameterOrder></con:request></con:method></con:resource></con:interface><con:testSuite id="03eeb544-1095-4c16-b921-a048cc6cc45b" name="loadTest"><con:settings/><con:runType>SEQUENTIAL</con:runType><con:testCase id="d218b452-0c2a-40ab-a9f0-0a7583e8342f" failOnError="true" failTestCaseOnErrors="true" keepSession="false" maxResults="0" name="Test Case" searchProperties="true"><con:settings/><con:testStep type="restrequest" name="GET /posts" id="a6db813d-358d-424b-bb27-af989c1c5ddb"><con:settings/><con:config service="https://jsonplaceholder.typicode.com" resourcePath="/posts/{postid}" methodName="Posts 1" xsi:type="con:RestRequestStep" xmlns:xsi="http://www.w3.org/2001/XMLSchema-instance"><con:restRequest name="LoadTest" id="dcd6c8e3-3dce-4edb-86f6-897bf5158e9a" mediaType="application/json"><con:settings><con:setting id="com.eviware.soapui.impl.wsdl.WsdlRequest@request-headers">&lt;xml-fragment/></con:setting></con:settings><con:endpoint>https://jsonplaceholder.typicode.com</con:endpoint><con:request/><con:originalUri>https://jsonplaceholder.typicode.com/posts/</con:originalUri><con:credentials><con:authType>No Authorization</con:authType></con:credentials><con:jmsConfig JMSDeliveryMode="PERSISTENT"/><con:jmsPropertyConfig/><con:parameters/><con:parameterOrder><con:entry>postid</con:entry></con:parameterOrder></con:restRequest></con:config></con:testStep><con:testStep type="restrequest" name="GET /posts/1" id="caa7131b-ca35-4dce-a995-947b80521871"><con:settings/><con:config service="https://jsonplaceholder.typicode.com" resourcePath="/posts/{postid}" methodName="Posts 1" xsi:type="con:RestRequestStep" xmlns:xsi="http://www.w3.org/2001/XMLSchema-instance"><con:restRequest name="GET /posts/1" id="dcd6c8e3-3dce-4edb-86f6-897bf5158e9a" mediaType="application/json"><con:settings><con:setting id="com.eviware.soapui.impl.wsdl.WsdlRequest@request-headers">&lt;xml-fragment/></con:setting></con:settings><con:endpoint>https://jsonplaceholder.typicode.com</con:endpoint><con:request/><con:originalUri>https://jsonplaceholder.typicode.com/posts/1</con:originalUri><con:credentials><con:authType>No Authorization</con:authType></con:credentials><con:jmsConfig JMSDeliveryMode="PERSISTENT"/><con:jmsPropertyConfig/><con:parameters><entry key="postid" value="1" xmlns="http://eviware.com/soapui/config"/></con:parameters><con:parameterOrder><con:entry>postid</con:entry></con:parameterOrder></con:restRequest></con:config></con:testStep><con:loadTest id="7625a8e2-4082-4778-bb64-079151fa4693" name="LoadTest"><con:settings><con:setting id="HttpSettings@close-connections">false</con:setting></con:settings><con:threadCount>1</con:threadCount><con:startDelay>0</con:startDelay><con:sampleInterval>250</con:sampleInterval><con:calculateTPSOnTimePassed>true</con:calculateTPSOnTimePassed><con:resetStatisticsOnThreadCountChange>true</con:resetStatisticsOnThreadCountChange><con:historyLimit>-1</con:historyLimit><con:testLimit>15</con:testLimit><con:limitType>TIME</con:limitType><con:loadStrategy><con:type>Simple</con:type></con:loadStrategy><con:assertion type="Step Status" name="Step Status"/><con:maxAssertionErrors>100</con:maxAssertionErrors><con:cancelExcessiveThreads>true</con:cancelExcessiveThreads><con:strategyInterval>500</con:strategyInterval></con:loadTest><con:properties/></con:testCase><con:properties/></con:testSuite><con:properties/><con:wssContainer/><con:oAuth2ProfileContainer/><con:oAuth1ProfileContainer/></con:soapui-project>